/w/apps3/Synopsys/Design_Complier/vG-2012.06-SP1/auxx/gui/dv/dv_setup.tcl
/w/apps3/Synopsys/Design_Complier/vG-2012.06-SP1/auxx/gui/syn/snpsSynProcs.tcl
/w/apps3/Synopsys/Design_Complier/vG-2012.06-SP1/auxx/tcllib/lib/tcl8.4/package.tcl
/w/apps3/Synopsys/Design_Complier/vG-2012.06-SP1/auxx/gui/syn/layout/pkgIndex.tcl
/w/apps3/Synopsys/Design_Complier/vG-2012.06-SP1/auxx/gui/common/WindowFrameWork/pkgIndex.tcl
/w/apps3/Synopsys/Design_Complier/vG-2012.06-SP1/auxx/gui/common/acg/pkgIndex.tcl
/w/apps3/Synopsys/Design_Complier/vG-2012.06-SP1/auxx/gui/common/dialogs/pkgIndex.tcl
/w/apps3/Synopsys/Design_Complier/vG-2012.06-SP1/auxx/gui/common/docBrowser/pkgIndex.tcl
/w/apps3/Synopsys/Design_Complier/vG-2012.06-SP1/auxx/gui/common/fanoutviewer/pkgIndex.tcl
/w/apps3/Synopsys/Design_Complier/vG-2012.06-SP1/auxx/gui/common/hierarchy/pkgIndex.tcl
/w/apps3/Synopsys/Design_Complier/vG-2012.06-SP1/auxx/gui/common/highlight/pkgIndex.tcl
/w/apps3/Synopsys/Design_Complier/vG-2012.06-SP1/auxx/gui/common/histogram/pkgIndex.tcl
/w/apps3/Synopsys/Design_Complier/vG-2012.06-SP1/auxx/gui/common/layout/pkgIndex.tcl
/w/apps3/Synopsys/Design_Complier/vG-2012.06-SP1/auxx/gui/common/libviewer/pkgIndex.tcl
/w/apps3/Synopsys/Design_Complier/vG-2012.06-SP1/auxx/gui/common/menus/pkgIndex.tcl
/w/apps3/Synopsys/Design_Complier/vG-2012.06-SP1/auxx/gui/common/misc/pkgIndex.tcl
/w/apps3/Synopsys/Design_Complier/vG-2012.06-SP1/auxx/gui/common/opdlg/pkgIndex.tcl
/w/apps3/Synopsys/Design_Complier/vG-2012.06-SP1/auxx/gui/common/pathinspector/pkgIndex.tcl
/w/apps3/Synopsys/Design_Complier/vG-2012.06-SP1/auxx/gui/common/profiler/pkgIndex.tcl
/w/apps3/Synopsys/Design_Complier/vG-2012.06-SP1/auxx/gui/common/qtcl/pkgIndex.tcl
/w/apps3/Synopsys/Design_Complier/vG-2012.06-SP1/auxx/gui/common/regressionToolkit/pkgIndex.tcl
/w/apps3/Synopsys/Design_Complier/vG-2012.06-SP1/auxx/gui/common/schematic/pkgIndex.tcl
/w/apps3/Synopsys/Design_Complier/vG-2012.06-SP1/auxx/gui/common/select/pkgIndex.tcl
/w/apps3/Synopsys/Design_Complier/vG-2012.06-SP1/auxx/gui/common/setup/pkgIndex.tcl
/w/apps3/Synopsys/Design_Complier/vG-2012.06-SP1/auxx/gui/common/strokes/pkgIndex.tcl
/w/apps3/Synopsys/Design_Complier/vG-2012.06-SP1/auxx/gui/common/table/pkgIndex.tcl
/w/apps3/Synopsys/Design_Complier/vG-2012.06-SP1/auxx/gui/common/tcl-dp/pkgIndex.tcl
/w/apps3/Synopsys/Design_Complier/vG-2012.06-SP1/auxx/gui/common/timing/pkgIndex.tcl
/w/apps3/Synopsys/Design_Complier/vG-2012.06-SP1/auxx/gui/common/view/pkgIndex.tcl
/w/apps3/Synopsys/Design_Complier/vG-2012.06-SP1/auxx/tcllib/snps_tcl/snpsTclPro/pkgIndex.tcl
/w/apps3/Synopsys/Design_Complier/vG-2012.06-SP1/auxx/tcllib/snps_tcl/snpsTest/pkgIndex.tcl
/w/apps3/Synopsys/Design_Complier/vG-2012.06-SP1/auxx/tcllib/snps_tcl/snpsUtils/pkgIndex.tcl
/w/apps3/Synopsys/Design_Complier/vG-2012.06-SP1/auxx/tcllib/snps_tcl/pkgIndex.tcl
/w/apps3/Synopsys/Design_Complier/vG-2012.06-SP1/auxx/tcllib/lib/tcl8.4/dde/pkgIndex.tcl
/w/apps3/Synopsys/Design_Complier/vG-2012.06-SP1/auxx/tcllib/lib/tcl8.4/http/pkgIndex.tcl
/w/apps3/Synopsys/Design_Complier/vG-2012.06-SP1/auxx/tcllib/lib/tcl8.4/http1.0/pkgIndex.tcl
/w/apps3/Synopsys/Design_Complier/vG-2012.06-SP1/auxx/tcllib/lib/tcl8.4/msgcat/pkgIndex.tcl
/w/apps3/Synopsys/Design_Complier/vG-2012.06-SP1/auxx/tcllib/lib/tcl8.4/opt/pkgIndex.tcl
/w/apps3/Synopsys/Design_Complier/vG-2012.06-SP1/auxx/tcllib/lib/tcl8.4/reg/pkgIndex.tcl
/w/apps3/Synopsys/Design_Complier/vG-2012.06-SP1/auxx/tcllib/lib/tcl8.4/tcltest/pkgIndex.tcl
/w/apps3/Synopsys/Design_Complier/vG-2012.06-SP1/auxx/gui/common/setup/snpsCommonSetup.tcl
/w/apps3/Synopsys/Design_Complier/vG-2012.06-SP1/auxx/gui/common/setup/snpsCustomize.tcl
/w/apps3/Synopsys/Design_Complier/vG-2012.06-SP1/auxx/gui/common/setup/snpsProcheck.tcl
/w/apps3/Synopsys/Design_Complier/vG-2012.06-SP1/auxx/gui/common/qtcl/.synopsys_qtcl.tcl
/w/apps3/Synopsys/Design_Complier/vG-2012.06-SP1/auxx/gui/common/highlight/highlight.tcl
/w/apps3/Synopsys/Design_Complier/vG-2012.06-SP1/auxx/gui/common/misc/base.tcl
/w/apps3/Synopsys/Design_Complier/vG-2012.06-SP1/auxx/gui/common/misc/timing.tcl
/w/apps3/Synopsys/Design_Complier/vG-2012.06-SP1/auxx/gui/common/misc/setting.tcl
/w/apps3/Synopsys/Design_Complier/vG-2012.06-SP1/auxx/gui/common/misc/preset.tcl
/w/apps3/Synopsys/Design_Complier/vG-2012.06-SP1/auxx/gui/common/WindowFrameWork/windowFrameWork.tcl
/w/apps3/Synopsys/Design_Complier/vG-2012.06-SP1/auxx/gui/common/WindowFrameWork/skipBusyCursorCmdList.tcl
/w/apps3/Synopsys/Design_Complier/vG-2012.06-SP1/auxx/gui/common/docBrowser/docBrowser.tcl
/w/apps3/Synopsys/Design_Complier/vG-2012.06-SP1/auxx/tcllib/snps_tcl/snpsUtils/snpsUtils.tcl
/w/apps3/Synopsys/Design_Complier/vG-2012.06-SP1/auxx/gui/common/dialogs/ObjectChooser.tcl
/w/apps3/Synopsys/Design_Complier/vG-2012.06-SP1/auxx/gui/common/misc/DialogObjectChooser.tcl
/w/apps3/Synopsys/Design_Complier/vG-2012.06-SP1/auxx/gui/common/dialogs/HistBinInformation.tcl
/w/apps3/Synopsys/Design_Complier/vG-2012.06-SP1/auxx/gui/common/dialogs/HistBin1Information.tcl
/w/apps3/Synopsys/Design_Complier/vG-2012.06-SP1/auxx/gui/common/dialogs/BinsOnlyInformation.tcl
/w/apps3/Synopsys/Design_Complier/vG-2012.06-SP1/auxx/gui/common/dialogs/FileChooser.tcl
/w/apps3/Synopsys/Design_Complier/vG-2012.06-SP1/auxx/gui/common/dialogs/PathPinSimpleInfo.tcl
/w/apps3/Synopsys/Design_Complier/vG-2012.06-SP1/auxx/gui/common/dialogs/PathsBasicInfo.tcl
/w/apps3/Synopsys/Design_Complier/vG-2012.06-SP1/auxx/gui/common/dialogs/PathsBasicSimpleInfo.tcl
/w/apps3/Synopsys/Design_Complier/vG-2012.06-SP1/auxx/gui/common/dialogs/SlctOperationInfo.tcl
/w/apps3/Synopsys/Design_Complier/vG-2012.06-SP1/auxx/gui/common/dialogs/ObjectListInfo.tcl
/w/apps3/Synopsys/Design_Complier/vG-2012.06-SP1/auxx/gui/common/dialogs/FanInOutInfo.tcl
/w/apps3/Synopsys/Design_Complier/vG-2012.06-SP1/auxx/gui/common/dialogs/NumberOfLevelsChooser.tcl
/w/apps3/Synopsys/Design_Complier/vG-2012.06-SP1/auxx/gui/common/dialogs/WindowReuseInfo.tcl
/w/apps3/Synopsys/Design_Complier/vG-2012.06-SP1/auxx/gui/common/dialogs/ReportOutputOptionInfo.tcl
/w/apps3/Synopsys/Design_Complier/vG-2012.06-SP1/auxx/gui/common/setup/snpsCollections.tcl
/w/apps3/Synopsys/Design_Complier/vG-2012.06-SP1/auxx/gui/common/dialogs/CompileLinkDesign.tcl
/w/apps3/Synopsys/Design_Complier/vG-2012.06-SP1/auxx/gui/common/histogram/DialogEndpointSlack.tcl
/w/apps3/Synopsys/Design_Complier/vG-2012.06-SP1/auxx/gui/common/histogram/DialogPathsSlack.tcl
/w/apps3/Synopsys/Design_Complier/vG-2012.06-SP1/auxx/gui/common/histogram/DialogNetCapacitance.tcl
/w/apps3/Synopsys/Design_Complier/vG-2012.06-SP1/auxx/gui/common/schematic/DialogPathSchematicFanInOut.tcl
/w/apps3/Synopsys/Design_Complier/vG-2012.06-SP1/auxx/gui/common/schematic/DialogPathSchematicAddPaths.tcl
/w/home.05/ee/ugrad/haoxian/ECE216A/216AProject/synthesis.tcl
/w/home.05/ee/ugrad/haoxian/ECE216A/216AProject/equifiller_pipeline.v
/w/apps2/public.2/tech/synopsys/32-28nm/SAED32_EDK/lib/stdcell_rvt/db_nldm/saed32rvt_ff1p16vn40c.db
/w/apps2/public.2/tech/synopsys/32-28nm/SAED32_EDK/lib/stdcell_rvt/db_nldm/saed32rvt_ss0p95v125c.db
/w/apps3/Synopsys/Design_Complier/vG-2012.06-SP1/libraries/syn/dw_foundation.sldb
/w/apps3/Synopsys/Design_Complier/vG-2012.06-SP1/libraries/syn/gtech.db
/w/apps3/Synopsys/Design_Complier/vG-2012.06-SP1/libraries/syn/standard.sldb
/u/ee/ugrad/haoxian/synopsys_cache_G-2012.06-SP1/DW01/DW01_add/rpl/9/saed32rvt_ff1p16vn40c_8315/element.ddc
